<?xml version="1.0" encoding="UTF-8"?>
<!-- Generated by org.testng.reporters.JUnitReportReporter -->
<testsuite hostname="YUGENSYSDEV-15" name="com.Test.PageTest.HomepageTest" tests="3" failures="0" timestamp="29 Apr 2019 05:36:38 GMT" time="59.515" errors="0">
  <testcase name="Title" time="17.786" classname="com.Test.PageTest.HomepageTest"/>
  <testcase name="Url" time="23.062" classname="com.Test.PageTest.HomepageTest"/>
  <testcase name="login" time="18.667" classname="com.Test.PageTest.HomepageTest"/>
</testsuite> <!-- com.Test.PageTest.HomepageTest -->
