<?xml version="1.0" encoding="UTF-8"?>
<!-- Generated by org.testng.reporters.JUnitReportReporter -->
<testsuite hostname="YUGENSYSDEV-15" name="com.Test.PageTest.HomepageTest" tests="3" failures="0" timestamp="29 Apr 2019 10:33:23 GMT" time="62.832" errors="0">
  <testcase name="Title" time="18.588" classname="com.Test.PageTest.HomepageTest"/>
  <testcase name="Url" time="23.305" classname="com.Test.PageTest.HomepageTest"/>
  <testcase name="login" time="20.939" classname="com.Test.PageTest.HomepageTest"/>
</testsuite> <!-- com.Test.PageTest.HomepageTest -->
