<?xml version="1.0" encoding="UTF-8"?>
<!-- Generated by org.testng.reporters.JUnitReportReporter -->
<testsuite hostname="YUGENSYSDEV-15" name="com.Test.PageTest.HomepageTest" tests="4" failures="0" timestamp="30 Apr 2019 05:32:06 GMT" time="116.757" errors="0">
  <testcase name="Login" time="26.477" classname="com.Test.PageTest.HomepageTest"/>
  <testcase name="Logout" time="44.209" classname="com.Test.PageTest.HomepageTest"/>
  <testcase name="Url" time="23.248" classname="com.Test.PageTest.HomepageTest"/>
  <testcase name="Title" time="22.823" classname="com.Test.PageTest.HomepageTest"/>
</testsuite> <!-- com.Test.PageTest.HomepageTest -->
