<?xml version="1.0" encoding="UTF-8"?>
<!-- Generated by org.testng.reporters.JUnitReportReporter -->
<testsuite hostname="YUGENSYSDEV-15" name="com.Test.PageTest.HomepageTest" tests="4" failures="0" timestamp="30 Apr 2019 06:27:09 GMT" time="126.588" errors="0">
  <testcase name="Login" time="30.082" classname="com.Test.PageTest.HomepageTest"/>
  <testcase name="Title" time="23.941" classname="com.Test.PageTest.HomepageTest"/>
  <testcase name="Url" time="23.738" classname="com.Test.PageTest.HomepageTest"/>
  <testcase name="Logout" time="48.827" classname="com.Test.PageTest.HomepageTest"/>
</testsuite> <!-- com.Test.PageTest.HomepageTest -->
