<?xml version="1.0" encoding="UTF-8"?>
<!-- Generated by org.testng.reporters.JUnitReportReporter -->
<testsuite hostname="YUGENSYSDEV-15" name="com.Test.PageTest.HomepageTest" tests="4" failures="0" timestamp="1 May 2019 04:53:46 GMT" time="113.529" errors="0">
  <testcase name="Verify_Login" time="26.260" classname="com.Test.PageTest.HomepageTest"/>
  <testcase name="Verify_Logout" time="45.463" classname="com.Test.PageTest.HomepageTest"/>
  <testcase name="Verify_Url" time="20.309" classname="com.Test.PageTest.HomepageTest"/>
  <testcase name="Verify_Title" time="21.497" classname="com.Test.PageTest.HomepageTest"/>
</testsuite> <!-- com.Test.PageTest.HomepageTest -->
