<?xml version="1.0" encoding="UTF-8"?>
<!-- Generated by org.testng.reporters.JUnitReportReporter -->
<testsuite hostname="YUGENSYSDEV-15" name="com.Test.PageTest.HomepageTest" tests="4" failures="0" timestamp="2 May 2019 06:32:38 GMT" time="109.599" errors="0">
  <testcase name="Verify_Url" time="19.650" classname="com.Test.PageTest.HomepageTest"/>
  <testcase name="Verify_Login" time="25.337" classname="com.Test.PageTest.HomepageTest"/>
  <testcase name="Verify_Title" time="20.302" classname="com.Test.PageTest.HomepageTest"/>
  <testcase name="Verify_Logout" time="44.310" classname="com.Test.PageTest.HomepageTest"/>
</testsuite> <!-- com.Test.PageTest.HomepageTest -->
