<?xml version="1.0" encoding="UTF-8"?>
<!-- Generated by org.testng.reporters.JUnitReportReporter -->
<testsuite hostname="YUGENSYSDEV-15" name="com.Test.PageTest.HomepageTest" tests="4" failures="0" timestamp="1 May 2019 09:14:30 GMT" time="108.347" errors="0">
  <testcase name="Verify_Login" time="24.849" classname="com.Test.PageTest.HomepageTest"/>
  <testcase name="Verify_Logout" time="43.903" classname="com.Test.PageTest.HomepageTest"/>
  <testcase name="Verify_Url" time="19.499" classname="com.Test.PageTest.HomepageTest"/>
  <testcase name="Verify_Title" time="20.096" classname="com.Test.PageTest.HomepageTest"/>
</testsuite> <!-- com.Test.PageTest.HomepageTest -->
