<?xml version="1.0" encoding="UTF-8"?>
<!-- Generated by org.testng.reporters.JUnitReportReporter -->
<testsuite hostname="YUGENSYSDEV-15" name="com.Test.PageTest.HomepageTest" tests="3" failures="0" timestamp="29 Apr 2019 10:06:21 GMT" time="58.760" errors="0">
  <testcase name="Title" time="20.410" classname="com.Test.PageTest.HomepageTest"/>
  <testcase name="Url" time="18.569" classname="com.Test.PageTest.HomepageTest"/>
  <testcase name="login" time="19.781" classname="com.Test.PageTest.HomepageTest"/>
</testsuite> <!-- com.Test.PageTest.HomepageTest -->
