<?xml version="1.0" encoding="UTF-8"?>
<!-- Generated by org.testng.reporters.JUnitReportReporter -->
<testsuite hostname="YUGENSYSDEV-15" name="com.Test.PageTest.HomepageTest" tests="4" failures="0" timestamp="1 May 2019 06:09:04 GMT" time="110.052" errors="0">
  <testcase name="Verify_Login" time="25.115" classname="com.Test.PageTest.HomepageTest"/>
  <testcase name="Verify_Logout" time="44.975" classname="com.Test.PageTest.HomepageTest"/>
  <testcase name="Verify_Url" time="19.589" classname="com.Test.PageTest.HomepageTest"/>
  <testcase name="Verify_Title" time="20.373" classname="com.Test.PageTest.HomepageTest"/>
</testsuite> <!-- com.Test.PageTest.HomepageTest -->
