<?xml version="1.0" encoding="UTF-8"?>
<!-- Generated by org.testng.reporters.JUnitReportReporter -->
<testsuite hostname="YUGENSYSDEV-15" name="com.Test.PageTest.HomepageTest" tests="4" failures="0" timestamp="1 May 2019 07:13:33 GMT" time="110.964" errors="0">
  <testcase name="Verify_Logout" time="44.638" classname="com.Test.PageTest.HomepageTest"/>
  <testcase name="Verify_Title" time="20.999" classname="com.Test.PageTest.HomepageTest"/>
  <testcase name="Verify_Login" time="25.473" classname="com.Test.PageTest.HomepageTest"/>
  <testcase name="Verify_Url" time="19.854" classname="com.Test.PageTest.HomepageTest"/>
</testsuite> <!-- com.Test.PageTest.HomepageTest -->
