<?xml version="1.0" encoding="UTF-8"?>
<!-- Generated by org.testng.reporters.JUnitReportReporter -->
<testsuite hostname="YUGENSYSDEV-15" name="com.Test.PageTest.HomepageTest" tests="3" failures="0" timestamp="29 Apr 2019 13:31:57 GMT" time="0.493" errors="0">
  <testcase name="login" time="0.443" classname="com.Test.PageTest.HomepageTest"/>
  <testcase name="Url" time="0.038" classname="com.Test.PageTest.HomepageTest"/>
  <testcase name="Title" time="0.012" classname="com.Test.PageTest.HomepageTest"/>
</testsuite> <!-- com.Test.PageTest.HomepageTest -->
