<?xml version="1.0" encoding="UTF-8"?>
<!-- Generated by org.testng.reporters.JUnitReportReporter -->
<testsuite skipped="0" hostname="YUGENSYSDEV-15" name="com.Test.PageTest.HomepageTest" tests="3" failures="0" timestamp="29 Apr 2019 05:31:32 GMT" time="54.194" errors="0">
  <testcase name="Url" time="18.670" classname="com.Test.PageTest.HomepageTest"/>
  <testcase name="login" time="18.259" classname="com.Test.PageTest.HomepageTest"/>
  <testcase name="Title" time="17.265" classname="com.Test.PageTest.HomepageTest"/>
</testsuite> <!-- com.Test.PageTest.HomepageTest -->
