<?xml version="1.0" encoding="UTF-8"?>
<!-- Generated by org.testng.reporters.JUnitReportReporter -->
<testsuite skipped="0" hostname="YUGENSYSDEV-15" name="com.Test.PageTest.HomepageTest" tests="4" failures="0" timestamp="30 Apr 2019 10:53:14 GMT" time="113.016" errors="0">
  <testcase name="Url" time="21.520" classname="com.Test.PageTest.HomepageTest"/>
  <testcase name="Login" time="26.505" classname="com.Test.PageTest.HomepageTest"/>
  <testcase name="Title" time="20.429" classname="com.Test.PageTest.HomepageTest"/>
  <testcase name="Logout" time="44.562" classname="com.Test.PageTest.HomepageTest"/>
</testsuite> <!-- com.Test.PageTest.HomepageTest -->
